<?xml version="1.0" encoding="UTF-8"?>
<testng-results skipped="0" failed="0" ignored="0" total="3" passed="3">
  <reporter-output>
  </reporter-output>
  <suite name="Suite for agent panel" duration-ms="167305" started-at="2019-01-02T13:10:46Z" finished-at="2019-01-02T13:13:34Z">
    <groups>
    </groups>
    <test name="Test" duration-ms="167305" started-at="2019-01-02T13:10:46Z" finished-at="2019-01-02T13:13:34Z">
      <class name="Script.ActivityDownloads">
        <test-method status="PASS" signature="beforemethod()[pri:0, instance:Script.ActivityDownloads@80503]" name="beforemethod" is-config="true" duration-ms="8111" started-at="2019-01-02T13:10:47Z" finished-at="2019-01-02T13:10:55Z">
          <reporter-output>
          </reporter-output>
        </test-method> <!-- beforemethod -->
        <test-method status="PASS" signature="Test12()[pri:0, instance:Script.ActivityDownloads@80503]" name="Test12" duration-ms="18891" started-at="2019-01-02T13:10:55Z" finished-at="2019-01-02T13:11:14Z">
          <reporter-output>
          </reporter-output>
        </test-method> <!-- Test12 -->
        <test-method status="PASS" signature="aftermethod(org.testng.ITestResult)[pri:0, instance:Script.ActivityDownloads@80503]" name="aftermethod" is-config="true" duration-ms="2251" started-at="2019-01-02T13:11:14Z" finished-at="2019-01-02T13:11:16Z">
          <params>
            <param index="0">
              <value>
                <![CDATA[[TestResult name=Test12 status=SUCCESS method=ActivityDownloads.Test12()[pri:0, instance:Script.ActivityDownloads@80503] output={null}]]]>
              </value>
            </param>
          </params>
          <reporter-output>
          </reporter-output>
        </test-method> <!-- aftermethod -->
      </class> <!-- Script.ActivityDownloads -->
      <class name="Script.AddArticle">
        <test-method status="PASS" signature="beforemethod()[pri:0, instance:Script.AddArticle@4b553d26]" name="beforemethod" is-config="true" duration-ms="6875" started-at="2019-01-02T13:11:16Z" finished-at="2019-01-02T13:11:23Z">
          <reporter-output>
          </reporter-output>
        </test-method> <!-- beforemethod -->
        <test-method status="PASS" signature="test()[pri:0, instance:Script.AddArticle@4b553d26]" name="test" duration-ms="93538" started-at="2019-01-02T13:11:23Z" finished-at="2019-01-02T13:12:56Z">
          <reporter-output>
          </reporter-output>
        </test-method> <!-- test -->
        <test-method status="PASS" signature="aftermethod(org.testng.ITestResult)[pri:0, instance:Script.AddArticle@4b553d26]" name="aftermethod" is-config="true" duration-ms="4154" started-at="2019-01-02T13:12:56Z" finished-at="2019-01-02T13:13:00Z">
          <params>
            <param index="0">
              <value>
                <![CDATA[[TestResult name=test status=SUCCESS method=AddArticle.test()[pri:0, instance:Script.AddArticle@4b553d26] output={null}]]]>
              </value>
            </param>
          </params>
          <reporter-output>
          </reporter-output>
        </test-method> <!-- aftermethod -->
      </class> <!-- Script.AddArticle -->
      <class name="Script.addarticletemplates">
        <test-method status="PASS" signature="beforemethod()[pri:0, instance:Script.addarticletemplates@69a3d1d]" name="beforemethod" is-config="true" duration-ms="6989" started-at="2019-01-02T13:13:00Z" finished-at="2019-01-02T13:13:07Z">
          <reporter-output>
          </reporter-output>
        </test-method> <!-- beforemethod -->
        <test-method status="PASS" signature="test()[pri:0, instance:Script.addarticletemplates@69a3d1d]" name="test" duration-ms="24149" started-at="2019-01-02T13:13:07Z" finished-at="2019-01-02T13:13:31Z">
          <reporter-output>
          </reporter-output>
        </test-method> <!-- test -->
        <test-method status="PASS" signature="aftermethod(org.testng.ITestResult)[pri:0, instance:Script.addarticletemplates@69a3d1d]" name="aftermethod" is-config="true" duration-ms="2323" started-at="2019-01-02T13:13:31Z" finished-at="2019-01-02T13:13:34Z">
          <params>
            <param index="0">
              <value>
                <![CDATA[[TestResult name=test status=SUCCESS method=addarticletemplates.test()[pri:0, instance:Script.addarticletemplates@69a3d1d] output={null}]]]>
              </value>
            </param>
          </params>
          <reporter-output>
          </reporter-output>
        </test-method> <!-- aftermethod -->
      </class> <!-- Script.addarticletemplates -->
    </test> <!-- Test -->
  </suite> <!-- Suite for agent panel -->
</testng-results>
